Base path: C:/Program Files (x86)/Unity_4.6.9/Editor/Data
Pipe name: \\.\pipe\UnityShaderCompiler-1-7356
Cmd: getPlatforms
Cmd: preprocess
  insize=506 outsize=1251 ok=1
Cmd: compileSnippet
  api=4 type=0 insize=4217 outsize=2607 kw=DIRECTIONAL SHADOWS_OFF LIGHTMAP_OFF DIRLIGHTMAP_OFF ok=1
Cmd: compileSnippet
  api=4 type=1 insize=4217 outsize=1242 kw=DIRECTIONAL SHADOWS_OFF LIGHTMAP_OFF DIRLIGHTMAP_OFF ok=1
Cmd: compileSnippet
  api=4 type=0 insize=2256 outsize=2875 kw=POINT ok=1
Cmd: compileSnippet
  api=4 type=1 insize=2256 outsize=1542 kw=POINT ok=1
Cmd: compileSnippet
  api=4 type=0 insize=1784 outsize=1477 kw= ok=1
Cmd: compileSnippet
  api=4 type=1 insize=1784 outsize=632 kw= ok=1
Cmd: compileSnippet
  api=4 type=0 insize=3969 outsize=2883 kw=LIGHTMAP_OFF DIRLIGHTMAP_OFF HDR_LIGHT_PREPASS_OFF ok=1
Cmd: compileSnippet
  api=4 type=1 insize=3969 outsize=1152 kw=LIGHTMAP_OFF DIRLIGHTMAP_OFF HDR_LIGHT_PREPASS_OFF ok=1
Cmd: preprocess
  insize=505 outsize=1250 ok=1
Cmd: compileSnippet
  api=4 type=0 insize=2256 outsize=1851 kw=DIRECTIONAL ok=1
Cmd: compileSnippet
  api=4 type=1 insize=2256 outsize=1128 kw=DIRECTIONAL ok=1
Cmd: preprocess
  insize=508 outsize=1253 ok=1
Cmd: preprocess
  insize=543 outsize=1289 ok=1
Cmd: compileSnippet
  api=4 type=0 insize=4217 outsize=2607 kw=DIRECTIONAL SHADOWS_OFF LIGHTMAP_OFF DIRLIGHTMAP_OFF ok=1
Cmd: compileSnippet
  api=4 type=1 insize=4217 outsize=1242 kw=DIRECTIONAL SHADOWS_OFF LIGHTMAP_OFF DIRLIGHTMAP_OFF ok=1
Cmd: compileSnippet
  api=4 type=0 insize=2256 outsize=2875 kw=POINT ok=1
Cmd: compileSnippet
  api=4 type=1 insize=2256 outsize=1542 kw=POINT ok=1
Cmd: compileSnippet
  api=4 type=0 insize=1784 outsize=1477 kw= ok=1
Cmd: compileSnippet
  api=4 type=1 insize=1784 outsize=632 kw= ok=1
Cmd: compileSnippet
  api=4 type=0 insize=3969 outsize=2883 kw=LIGHTMAP_OFF DIRLIGHTMAP_OFF HDR_LIGHT_PREPASS_OFF ok=1
Cmd: compileSnippet
  api=4 type=1 insize=3969 outsize=1152 kw=LIGHTMAP_OFF DIRLIGHTMAP_OFF HDR_LIGHT_PREPASS_OFF ok=1
Cmd: compileSnippet
  api=4 type=0 insize=2256 outsize=1851 kw=DIRECTIONAL ok=1
Cmd: compileSnippet
  api=4 type=1 insize=2256 outsize=1128 kw=DIRECTIONAL ok=1
